app/build/intermediates/manifest_merge_blame_file/release/manifest-merger-blame-release-report.txt
1<?xml version="1.0" encoding="utf-8"?>
2<manifest xmlns:android="http://schemas.android.com/apk/res/android"
3    package="myApps.Auditing"
4    android:versionCode="1"
5    android:versionName="1.0" >
6
7    <uses-sdk
8        android:minSdkVersion="31"
9        android:targetSdkVersion="31" />
10    <!-- Permissions -->
11    <uses-permission android:name="android.permission.READ_EXTERNAL_STORAGE" />
11-->src/main/AndroidManifest.xml:3:3-78
11-->src/main/AndroidManifest.xml:3:20-75
12    <uses-permission android:name="android.permission.MANAGE_EXTERNAL_STORAGE" />
12-->src/main/AndroidManifest.xml:4:3-80
12-->src/main/AndroidManifest.xml:4:20-77
13    <uses-permission android:name="android.permission.INTERNET" />
13-->src/main/AndroidManifest.xml:5:3-64
13-->src/main/AndroidManifest.xml:5:20-62
14
15    <application
15-->src/main/AndroidManifest.xml:7:3-32:17
16        android:allowBackup="true"
16-->src/main/AndroidManifest.xml:8:7-33
17        android:extractNativeLibs="false"
18        android:icon="@drawable/icon"
18-->src/main/AndroidManifest.xml:9:7-36
19        android:label="@string/app_name"
19-->src/main/AndroidManifest.xml:10:7-39
20        android:roundIcon="@drawable/icon"
20-->src/main/AndroidManifest.xml:10:46-80
21        android:supportsRtl="true"
21-->src/main/AndroidManifest.xml:11:7-33
22        android:theme="@style/AppTheme" >
22-->src/main/AndroidManifest.xml:12:7-38
23
24        <!-- Main Activity -->
25        <activity
25-->src/main/AndroidManifest.xml:15:7-25:18
26            android:name="myApps.Auditing.MainActivity"
26-->src/main/AndroidManifest.xml:16:12-40
27            android:configChanges="screenSize|smallestScreenSize|screenLayout|orientation"
27-->src/main/AndroidManifest.xml:20:12-90
28            android:exported="true"
28-->src/main/AndroidManifest.xml:17:12-35
29            android:resizeableActivity="true"
29-->src/main/AndroidManifest.xml:18:12-45
30            android:supportsPictureInPicture="true" >
30-->src/main/AndroidManifest.xml:19:12-51
31            <intent-filter>
31-->src/main/AndroidManifest.xml:21:11-24:27
32                <action android:name="android.intent.action.MAIN" />
32-->src/main/AndroidManifest.xml:22:15-67
32-->src/main/AndroidManifest.xml:22:23-64
33
34                <category android:name="android.intent.category.LAUNCHER" />
34-->src/main/AndroidManifest.xml:23:15-75
34-->src/main/AndroidManifest.xml:23:25-72
35            </intent-filter>
36        </activity>
37        <activity android:name="myApps.Auditing.CmdActivity" >
37-->src/main/AndroidManifest.xml:26:7-27:18
37-->src/main/AndroidManifest.xml:26:17-44
38        </activity>
39        <activity android:name="myApps.Auditing.TextualDataActivity" >
39-->src/main/AndroidManifest.xml:28:7-29:18
39-->src/main/AndroidManifest.xml:28:17-52
40        </activity>
41        <activity android:name="myApps.Auditing.DirectoryActivity" >
41-->src/main/AndroidManifest.xml:30:7-31:18
41-->src/main/AndroidManifest.xml:30:17-50
42        </activity>
43    </application>
44
45</manifest>